[2023-04-16 00:03:54] INFO root fetch - main [MainThread]: Get Changelog since Serial: [17722114]
[2023-04-16 00:03:58] INFO root fetch - main [MainThread]: Found 8 changed packages
[2023-04-16 00:03:58] INFO root fetch - processPackages [ThreadPoolExecutor-0_0]: Start processing: vollseg
[2023-04-16 00:03:58] INFO root fetch - processPackages [ThreadPoolExecutor-0_1]: Start processing: plone.locking
[2023-04-16 00:03:58] INFO root fetch - processPackages [ThreadPoolExecutor-0_2]: Start processing: barbell2-castor
[2023-04-16 00:03:59] INFO root fetch - processPackages [ThreadPoolExecutor-0_3]: Start processing: staticvar
[2023-04-16 00:03:59] INFO root fetch - processPackages [ThreadPoolExecutor-0_4]: Start processing: jaeger
[2023-04-16 00:03:59] INFO root fetch - processPackages [ThreadPoolExecutor-0_5]: Start processing: buildarr
[2023-04-16 00:03:59] INFO root fetch - processPackages [ThreadPoolExecutor-0_6]: Start processing: pynmeagps
[2023-04-16 00:03:59] INFO root fetch - processPackages [ThreadPoolExecutor-0_7]: Start processing: phasellm
[2023-04-16 00:03:59] INFO root fetch - processPackages [jaeger]: New version: [1.4.0] Old Version: [1.3.4]
[2023-04-16 00:03:59] INFO root fetch - processPackages [staticvar]: New version: [0.0.7] Old Version: [0.0.6]
[2023-04-16 00:03:59] INFO root fetch - processPackages [plone.locking]: New version: [3.0.0] Old Version: [2.3.0]
[2023-04-16 00:03:59] INFO root fetch - processPackages [barbell2-castor]: New version: [0.4.0] Old Version: [0.3.0]
[2023-04-16 00:03:59] WARNING root fetch - processPackages [phasellm]: Skipping, unable to determine old version
[2023-04-16 00:03:59] INFO root fetch - main [MainThread]: End processing [phasellm] error
[2023-04-16 00:03:59] INFO root fetch - processPackages [buildarr]: New version: [0.5.0] Old Version: [0.4.2]
[2023-04-16 00:03:59] INFO root fetch - processPackages [pynmeagps]: New version: [1.0.9] Old Version: [1.0.8]
[2023-04-16 00:03:59] INFO root fetch - processPackages [vollseg]: New version: [8.0.0] Old Version: [7.0.0]
[2023-04-16 00:03:59] INFO root fetch - processPackages [vollseg]: Downloading https://files.pythonhosted.org/packages/49/5e/9558410d2a3b0f12598784a6541087a52cb9eac28650e25b7d767e2c56b0/vollseg-7.0.0.tar.gz
[2023-04-16 00:03:59] WARNING root fetch - processPackages [vollseg]: Skipping package: exceeds size limit 29985919>=10485760
[2023-04-16 00:03:59] INFO root fetch - main [MainThread]: End processing [vollseg] error
[2023-04-16 00:03:59] INFO root fetch - processPackages [plone.locking]: Downloading https://files.pythonhosted.org/packages/db/ba/bf0434b3fb3b642851139a9063389e36bcb0e77fd9a52f07325bd02630ba/plone.locking-2.3.0.tar.gz
[2023-04-16 00:03:59] INFO root fetch - processPackages [staticvar]: Downloading https://files.pythonhosted.org/packages/5d/af/9db8521a9dd31dc1c8208a13e58a8d4b63885d6ecd8c1c97b40adb33637b/staticvar-0.0.7.tar.gz
[2023-04-16 00:03:59] INFO root fetch - processPackages [pynmeagps]: Downloading https://files.pythonhosted.org/packages/86/11/d07532664983049560a2cc15cca1f126305db42affbcde1fa9a25fbb608e/pynmeagps-1.0.8.tar.gz
[2023-04-16 00:03:59] INFO root fetch - processPackages [barbell2-castor]: Downloading https://files.pythonhosted.org/packages/d3/cd/b86655c665936a1bdbe1101adebd6b627996422bcaafb33e878e5dbd1509/barbell2_castor-0.4.0.tar.gz
[2023-04-16 00:03:59] INFO root fetch - processPackages [jaeger]: Downloading https://files.pythonhosted.org/packages/28/38/90cfed7dd94733c52410b086655cee7e9e8fe36ef1b0e06d093f8f584122/jaeger-1.4.0.tar.gz
[2023-04-16 00:03:59] INFO root fetch - processPackages [staticvar]: executing diffoscope
[2023-04-16 00:03:59] INFO root fetch - processPackages [staticvar]: podman run --user 0:0 --rm -w /home/abi/fetcher -v /home/abi/fetcher/tmp:/home/abi/fetcher/tmp:ro -v /home/abi/fetcher/20230416:/home/abi/fetcher/20230416:rw registry.salsa.debian.org/reproducible-builds/diffoscope --no-progress tmp/staticvar-0.0.6.tar.gz tmp/staticvar-0.0.7.tar.gz --markdown 20230416/s/staticvar/0.0.6-0.0.7/diff.md --exclude *.pyd
[2023-04-16 00:03:59] INFO root fetch - processPackages [buildarr]: Downloading https://files.pythonhosted.org/packages/b5/36/7049e9a2f84860ebfcee443cd6d741ca5fcd7346515a230eb84768f14d5e/buildarr-0.5.0.tar.gz
[2023-04-16 00:03:59] INFO root fetch - processPackages [barbell2-castor]: executing diffoscope
[2023-04-16 00:03:59] INFO root fetch - processPackages [barbell2-castor]: podman run --user 0:0 --rm -w /home/abi/fetcher -v /home/abi/fetcher/tmp:/home/abi/fetcher/tmp:ro -v /home/abi/fetcher/20230416:/home/abi/fetcher/20230416:rw registry.salsa.debian.org/reproducible-builds/diffoscope --no-progress tmp/barbell2_castor-0.3.0.tar.gz tmp/barbell2_castor-0.4.0.tar.gz --markdown 20230416/b/barbell2-castor/0.3.0-0.4.0/diff.md --exclude *.pyd
[2023-04-16 00:03:59] INFO root fetch - processPackages [plone.locking]: Downloading https://files.pythonhosted.org/packages/d9/23/fb73e10be27264257abb8297963e424f49d53dcf6177bd039e9942c2fd53/plone.locking-3.0.0.tar.gz
[2023-04-16 00:03:59] INFO root fetch - processPackages [jaeger]: executing diffoscope
[2023-04-16 00:03:59] INFO root fetch - processPackages [jaeger]: podman run --user 0:0 --rm -w /home/abi/fetcher -v /home/abi/fetcher/tmp:/home/abi/fetcher/tmp:ro -v /home/abi/fetcher/20230416:/home/abi/fetcher/20230416:rw registry.salsa.debian.org/reproducible-builds/diffoscope --no-progress tmp/jaeger-1.3.4.tar.gz tmp/jaeger-1.4.0.tar.gz --markdown 20230416/j/jaeger/1.3.4-1.4.0/diff.md --exclude *.pyd
[2023-04-16 00:03:59] INFO root fetch - processPackages [buildarr]: executing diffoscope
[2023-04-16 00:03:59] INFO root fetch - processPackages [buildarr]: podman run --user 0:0 --rm -w /home/abi/fetcher -v /home/abi/fetcher/tmp:/home/abi/fetcher/tmp:ro -v /home/abi/fetcher/20230416:/home/abi/fetcher/20230416:rw registry.salsa.debian.org/reproducible-builds/diffoscope --no-progress tmp/buildarr-0.4.2.tar.gz tmp/buildarr-0.5.0.tar.gz --markdown 20230416/b/buildarr/0.4.2-0.5.0/diff.md --exclude *.pyd
[2023-04-16 00:03:59] INFO root fetch - processPackages [plone.locking]: executing diffoscope
[2023-04-16 00:03:59] INFO root fetch - processPackages [plone.locking]: podman run --user 0:0 --rm -w /home/abi/fetcher -v /home/abi/fetcher/tmp:/home/abi/fetcher/tmp:ro -v /home/abi/fetcher/20230416:/home/abi/fetcher/20230416:rw registry.salsa.debian.org/reproducible-builds/diffoscope --no-progress tmp/plone.locking-2.3.0.tar.gz tmp/plone.locking-3.0.0.tar.gz --markdown 20230416/p/plone.locking/2.3.0-3.0.0/diff.md --exclude *.pyd
[2023-04-16 00:03:59] INFO root fetch - processPackages [pynmeagps]: Downloading https://files.pythonhosted.org/packages/f2/7c/538ebb6a9317ab0dad32cb32f0ed63512b095231228692c599a5989c34cf/pynmeagps-1.0.9.tar.gz
[2023-04-16 00:04:00] INFO root fetch - processPackages [pynmeagps]: executing diffoscope
[2023-04-16 00:04:00] INFO root fetch - processPackages [pynmeagps]: podman run --user 0:0 --rm -w /home/abi/fetcher -v /home/abi/fetcher/tmp:/home/abi/fetcher/tmp:ro -v /home/abi/fetcher/20230416:/home/abi/fetcher/20230416:rw registry.salsa.debian.org/reproducible-builds/diffoscope --no-progress tmp/pynmeagps-1.0.8.tar.gz tmp/pynmeagps-1.0.9.tar.gz --markdown 20230416/p/pynmeagps/1.0.8-1.0.9/diff.md --exclude *.pyd
[2023-04-16 00:04:00] INFO root fetch - main [MainThread]: End processing [barbell2-castor]: success
[2023-04-16 00:04:00] INFO root fetch - main [MainThread]: End processing [staticvar]: success
[2023-04-16 00:04:01] INFO root fetch - main [MainThread]: End processing [buildarr]: success
[2023-04-16 00:04:01] INFO root fetch - main [MainThread]: End processing [jaeger]: success
[2023-04-16 00:04:01] INFO root fetch - main [MainThread]: End processing [plone.locking]: success
[2023-04-16 00:04:01] INFO root fetch - main [MainThread]: End processing [pynmeagps]: success
[2023-04-16 00:04:01] INFO root fetch - main [MainThread]: Store serial: [17722143]
